2022-08-21 13:03:43 | [INFO]    | Discordia 2.9.2
2022-08-21 13:03:43 | [INFO]    | Connecting to Discord...
2022-08-21 13:03:43 | [INFO]    | Authenticated as altacc#9830
2022-08-21 13:03:43 | [INFO]    | Launching shard 0 (1 out of 1)...
2022-08-21 13:03:43 | [INFO]    | Shard 0 : Connected to wss://gateway.discord.gg
2022-08-21 13:03:43 | [INFO]    | Shard 0 : Received HELLO
2022-08-21 13:03:43 | [INFO]    | Shard 0 : Received READY
2022-08-21 13:04:41 | [INFO]    | Discordia 2.9.2
2022-08-21 13:04:41 | [INFO]    | Connecting to Discord...
2022-08-21 13:04:41 | [INFO]    | Authenticated as altacc#9830
2022-08-21 13:04:41 | [INFO]    | Launching shard 0 (1 out of 1)...
2022-08-21 13:04:41 | [INFO]    | Shard 0 : Connected to wss://gateway.discord.gg
2022-08-21 13:04:41 | [INFO]    | Shard 0 : Received HELLO
2022-08-21 13:04:41 | [INFO]    | Shard 0 : Received READY
2022-08-21 13:08:45 | [INFO]    | Discordia 2.9.2
2022-08-21 13:08:45 | [INFO]    | Connecting to Discord...
2022-08-21 13:08:45 | [INFO]    | Authenticated as altacc#9830
2022-08-21 13:08:45 | [INFO]    | Launching shard 0 (1 out of 1)...
2022-08-21 13:08:45 | [INFO]    | Shard 0 : Connected to wss://gateway.discord.gg
2022-08-21 13:08:45 | [INFO]    | Shard 0 : Received HELLO
2022-08-21 13:08:45 | [INFO]    | Shard 0 : Received READY
2022-08-21 13:09:06 | [INFO]    | Discordia 2.9.2
2022-08-21 13:09:06 | [INFO]    | Connecting to Discord...
2022-08-21 13:09:06 | [INFO]    | Authenticated as altacc#9830
2022-08-21 13:09:06 | [INFO]    | Launching shard 0 (1 out of 1)...
2022-08-21 13:09:07 | [INFO]    | Shard 0 : Connected to wss://gateway.discord.gg
2022-08-21 13:09:07 | [INFO]    | Shard 0 : Received HELLO
2022-08-21 13:09:07 | [INFO]    | Shard 0 : Received READY
2022-08-21 13:10:41 | [INFO]    | Discordia 2.9.2
2022-08-21 13:10:41 | [INFO]    | Connecting to Discord...
2022-08-21 13:10:41 | [INFO]    | Authenticated as altacc#9830
2022-08-21 13:10:41 | [INFO]    | Launching shard 0 (1 out of 1)...
2022-08-21 13:10:41 | [INFO]    | Shard 0 : Connected to wss://gateway.discord.gg
2022-08-21 13:10:41 | [INFO]    | Shard 0 : Received HELLO
2022-08-21 13:10:41 | [INFO]    | Shard 0 : Received READY
2022-08-21 13:10:59 | [INFO]    | Discordia 2.9.2
2022-08-21 13:10:59 | [INFO]    | Connecting to Discord...
2022-08-21 13:10:59 | [INFO]    | Authenticated as altacc#9830
2022-08-21 13:10:59 | [INFO]    | Launching shard 0 (1 out of 1)...
2022-08-21 13:10:59 | [INFO]    | Shard 0 : Connected to wss://gateway.discord.gg
2022-08-21 13:10:59 | [INFO]    | Shard 0 : Received HELLO
2022-08-21 13:10:59 | [INFO]    | Shard 0 : Received READY
2022-08-21 13:11:25 | [INFO]    | Discordia 2.9.2
2022-08-21 13:11:25 | [INFO]    | Connecting to Discord...
2022-08-21 13:11:25 | [INFO]    | Authenticated as altacc#9830
2022-08-21 13:11:25 | [INFO]    | Launching shard 0 (1 out of 1)...
2022-08-21 13:11:25 | [INFO]    | Shard 0 : Connected to wss://gateway.discord.gg
2022-08-21 13:11:25 | [INFO]    | Shard 0 : Received HELLO
2022-08-21 13:11:25 | [INFO]    | Shard 0 : Received READY
2022-08-21 13:14:22 | [INFO]    | Discordia 2.9.2
2022-08-21 13:14:22 | [INFO]    | Connecting to Discord...
2022-08-21 13:14:22 | [INFO]    | Authenticated as altacc#9830
2022-08-21 13:14:22 | [INFO]    | Launching shard 0 (1 out of 1)...
2022-08-21 13:14:22 | [INFO]    | Shard 0 : Connected to wss://gateway.discord.gg
2022-08-21 13:14:22 | [INFO]    | Shard 0 : Received HELLO
2022-08-21 13:14:22 | [INFO]    | Shard 0 : Received READY
2022-08-21 13:16:16 | [INFO]    | Discordia 2.9.2
2022-08-21 13:16:16 | [INFO]    | Connecting to Discord...
2022-08-21 13:16:16 | [INFO]    | Authenticated as altacc#9830
2022-08-21 13:16:16 | [INFO]    | Launching shard 0 (1 out of 1)...
2022-08-21 13:16:16 | [INFO]    | Shard 0 : Connected to wss://gateway.discord.gg
2022-08-21 13:16:16 | [INFO]    | Shard 0 : Received HELLO
2022-08-21 13:16:16 | [INFO]    | Shard 0 : Received READY
2022-08-21 13:16:32 | [INFO]    | Discordia 2.9.2
2022-08-21 13:16:32 | [INFO]    | Connecting to Discord...
2022-08-21 13:16:32 | [INFO]    | Authenticated as altacc#9830
2022-08-21 13:16:32 | [INFO]    | Launching shard 0 (1 out of 1)...
2022-08-21 13:16:32 | [INFO]    | Shard 0 : Connected to wss://gateway.discord.gg
2022-08-21 13:16:32 | [INFO]    | Shard 0 : Received HELLO
2022-08-21 13:16:32 | [INFO]    | Shard 0 : Received READY
2022-08-21 13:16:52 | [INFO]    | Discordia 2.9.2
2022-08-21 13:16:52 | [INFO]    | Connecting to Discord...
2022-08-21 13:16:52 | [INFO]    | Authenticated as altacc#9830
2022-08-21 13:16:52 | [INFO]    | Launching shard 0 (1 out of 1)...
2022-08-21 13:16:52 | [INFO]    | Shard 0 : Connected to wss://gateway.discord.gg
2022-08-21 13:16:52 | [INFO]    | Shard 0 : Received HELLO
2022-08-21 13:16:52 | [INFO]    | Shard 0 : Received READY
2022-08-21 13:17:21 | [INFO]    | Discordia 2.9.2
2022-08-21 13:17:21 | [INFO]    | Connecting to Discord...
2022-08-21 13:17:21 | [INFO]    | Authenticated as altacc#9830
2022-08-21 13:17:21 | [INFO]    | Launching shard 0 (1 out of 1)...
2022-08-21 13:17:22 | [INFO]    | Shard 0 : Connected to wss://gateway.discord.gg
2022-08-21 13:17:22 | [INFO]    | Shard 0 : Received HELLO
2022-08-21 13:17:22 | [INFO]    | Shard 0 : Received READY
2022-08-21 13:17:40 | [INFO]    | Discordia 2.9.2
2022-08-21 13:17:40 | [INFO]    | Connecting to Discord...
2022-08-21 13:17:40 | [INFO]    | Authenticated as altacc#9830
2022-08-21 13:17:40 | [INFO]    | Launching shard 0 (1 out of 1)...
2022-08-21 13:17:40 | [INFO]    | Shard 0 : Connected to wss://gateway.discord.gg
2022-08-21 13:17:40 | [INFO]    | Shard 0 : Received HELLO
2022-08-21 13:17:40 | [INFO]    | Shard 0 : Received READY
2022-08-21 13:19:33 | [INFO]    | Discordia 2.9.2
2022-08-21 13:19:33 | [INFO]    | Connecting to Discord...
2022-08-21 13:19:34 | [INFO]    | Authenticated as altacc#9830
2022-08-21 13:19:34 | [INFO]    | Launching shard 0 (1 out of 1)...
2022-08-21 13:19:34 | [INFO]    | Shard 0 : Connected to wss://gateway.discord.gg
2022-08-21 13:19:34 | [INFO]    | Shard 0 : Received HELLO
2022-08-21 13:19:34 | [INFO]    | Shard 0 : Received READY
2022-08-21 13:19:47 | [INFO]    | Discordia 2.9.2
2022-08-21 13:19:47 | [INFO]    | Connecting to Discord...
2022-08-21 13:19:47 | [INFO]    | Authenticated as altacc#9830
2022-08-21 13:19:47 | [INFO]    | Launching shard 0 (1 out of 1)...
2022-08-21 13:19:47 | [INFO]    | Shard 0 : Connected to wss://gateway.discord.gg
2022-08-21 13:19:47 | [INFO]    | Shard 0 : Received HELLO
2022-08-21 13:19:47 | [INFO]    | Shard 0 : Received READY
2022-08-21 13:21:40 | [INFO]    | Discordia 2.9.2
2022-08-21 13:21:40 | [INFO]    | Connecting to Discord...
2022-08-21 13:21:40 | [INFO]    | Authenticated as altacc#9830
2022-08-21 13:21:40 | [INFO]    | Launching shard 0 (1 out of 1)...
2022-08-21 13:21:40 | [INFO]    | Shard 0 : Connected to wss://gateway.discord.gg
2022-08-21 13:21:40 | [INFO]    | Shard 0 : Received HELLO
2022-08-21 13:21:41 | [INFO]    | Shard 0 : Received READY
2022-08-21 13:28:44 | [INFO]    | Discordia 2.9.2
2022-08-21 13:28:44 | [INFO]    | Connecting to Discord...
2022-08-21 13:28:44 | [INFO]    | Authenticated as altacc#9830
2022-08-21 13:28:44 | [INFO]    | Launching shard 0 (1 out of 1)...
2022-08-21 13:28:44 | [INFO]    | Shard 0 : Connected to wss://gateway.discord.gg
2022-08-21 13:28:44 | [INFO]    | Shard 0 : Received HELLO
2022-08-21 13:28:44 | [INFO]    | Shard 0 : Received READY
2022-08-21 13:28:56 | [INFO]    | Discordia 2.9.2
2022-08-21 13:28:56 | [INFO]    | Connecting to Discord...
2022-08-21 13:28:57 | [INFO]    | Authenticated as altacc#9830
2022-08-21 13:28:57 | [INFO]    | Launching shard 0 (1 out of 1)...
2022-08-21 13:28:57 | [INFO]    | Shard 0 : Connected to wss://gateway.discord.gg
2022-08-21 13:28:57 | [INFO]    | Shard 0 : Received HELLO
2022-08-21 13:28:57 | [INFO]    | Shard 0 : Received READY
2022-08-21 13:29:29 | [INFO]    | Discordia 2.9.2
2022-08-21 13:29:29 | [INFO]    | Connecting to Discord...
2022-08-21 13:29:29 | [INFO]    | Authenticated as altacc#9830
2022-08-21 13:29:29 | [INFO]    | Launching shard 0 (1 out of 1)...
2022-08-21 13:29:30 | [INFO]    | Shard 0 : Connected to wss://gateway.discord.gg
2022-08-21 13:29:30 | [INFO]    | Shard 0 : Received HELLO
2022-08-21 13:29:30 | [INFO]    | Shard 0 : Received READY
2022-08-21 13:29:56 | [INFO]    | Discordia 2.9.2
2022-08-21 13:29:56 | [INFO]    | Connecting to Discord...
2022-08-21 13:29:56 | [INFO]    | Authenticated as altacc#9830
2022-08-21 13:29:56 | [INFO]    | Launching shard 0 (1 out of 1)...
2022-08-21 13:29:56 | [INFO]    | Shard 0 : Connected to wss://gateway.discord.gg
2022-08-21 13:29:56 | [INFO]    | Shard 0 : Received HELLO
2022-08-21 13:29:56 | [INFO]    | Shard 0 : Received READY
2022-08-21 13:30:07 | [INFO]    | Discordia 2.9.2
2022-08-21 13:30:07 | [INFO]    | Connecting to Discord...
2022-08-21 13:30:07 | [INFO]    | Authenticated as altacc#9830
2022-08-21 13:30:07 | [INFO]    | Launching shard 0 (1 out of 1)...
2022-08-21 13:30:07 | [INFO]    | Shard 0 : Connected to wss://gateway.discord.gg
2022-08-21 13:30:07 | [INFO]    | Shard 0 : Received HELLO
2022-08-21 13:30:07 | [INFO]    | Shard 0 : Received READY
2022-08-21 13:40:09 | [INFO]    | Discordia 2.9.2
2022-08-21 13:40:09 | [INFO]    | Connecting to Discord...
2022-08-21 13:40:09 | [INFO]    | Authenticated as altacc#9830
2022-08-21 13:40:09 | [INFO]    | Launching shard 0 (1 out of 1)...
2022-08-21 13:40:09 | [INFO]    | Shard 0 : Connected to wss://gateway.discord.gg
2022-08-21 13:40:09 | [INFO]    | Shard 0 : Received HELLO
2022-08-21 13:40:09 | [INFO]    | Shard 0 : Received READY
2022-08-21 13:40:38 | [INFO]    | Discordia 2.9.2
2022-08-21 13:40:38 | [INFO]    | Connecting to Discord...
2022-08-21 13:40:39 | [INFO]    | Authenticated as altacc#9830
2022-08-21 13:40:39 | [INFO]    | Launching shard 0 (1 out of 1)...
2022-08-21 13:40:39 | [INFO]    | Shard 0 : Connected to wss://gateway.discord.gg
2022-08-21 13:40:39 | [INFO]    | Shard 0 : Received HELLO
2022-08-21 13:40:39 | [INFO]    | Shard 0 : Received READY
2022-08-21 13:40:52 | [INFO]    | Discordia 2.9.2
2022-08-21 13:40:52 | [INFO]    | Connecting to Discord...
2022-08-21 13:40:52 | [INFO]    | Authenticated as altacc#9830
2022-08-21 13:40:52 | [INFO]    | Launching shard 0 (1 out of 1)...
2022-08-21 13:40:52 | [INFO]    | Shard 0 : Connected to wss://gateway.discord.gg
2022-08-21 13:40:52 | [INFO]    | Shard 0 : Received HELLO
2022-08-21 13:40:52 | [INFO]    | Shard 0 : Received READY
2022-08-21 13:41:33 | [INFO]    | Discordia 2.9.2
2022-08-21 13:41:33 | [INFO]    | Connecting to Discord...
2022-08-21 13:41:33 | [INFO]    | Authenticated as altacc#9830
2022-08-21 13:41:33 | [INFO]    | Launching shard 0 (1 out of 1)...
2022-08-21 13:41:33 | [INFO]    | Shard 0 : Connected to wss://gateway.discord.gg
2022-08-21 13:41:33 | [INFO]    | Shard 0 : Received HELLO
2022-08-21 13:41:33 | [INFO]    | Shard 0 : Received READY
2022-08-21 13:44:48 | [INFO]    | Discordia 2.9.2
2022-08-21 13:44:48 | [INFO]    | Connecting to Discord...
2022-08-21 13:44:48 | [INFO]    | Authenticated as altacc#9830
2022-08-21 13:44:48 | [INFO]    | Launching shard 0 (1 out of 1)...
2022-08-21 13:44:48 | [INFO]    | Shard 0 : Connected to wss://gateway.discord.gg
2022-08-21 13:44:48 | [INFO]    | Shard 0 : Received HELLO
2022-08-21 13:44:48 | [INFO]    | Shard 0 : Received READY
2022-08-21 13:49:03 | [INFO]    | Discordia 2.9.2
2022-08-21 13:49:03 | [INFO]    | Connecting to Discord...
2022-08-21 13:49:03 | [INFO]    | Authenticated as altacc#9830
2022-08-21 13:49:03 | [INFO]    | Launching shard 0 (1 out of 1)...
2022-08-21 13:49:03 | [INFO]    | Shard 0 : Connected to wss://gateway.discord.gg
2022-08-21 13:49:03 | [INFO]    | Shard 0 : Received HELLO
2022-08-21 13:49:03 | [INFO]    | Shard 0 : Received READY
2022-08-21 13:49:19 | [INFO]    | Discordia 2.9.2
2022-08-21 13:49:19 | [INFO]    | Connecting to Discord...
2022-08-21 13:49:19 | [INFO]    | Authenticated as altacc#9830
2022-08-21 13:49:19 | [INFO]    | Launching shard 0 (1 out of 1)...
2022-08-21 13:49:20 | [INFO]    | Shard 0 : Connected to wss://gateway.discord.gg
2022-08-21 13:49:20 | [INFO]    | Shard 0 : Received HELLO
2022-08-21 13:49:20 | [INFO]    | Shard 0 : Received READY
2022-08-21 13:50:07 | [INFO]    | Discordia 2.9.2
2022-08-21 13:50:07 | [INFO]    | Connecting to Discord...
2022-08-21 13:50:08 | [INFO]    | Authenticated as altacc#9830
2022-08-21 13:50:08 | [INFO]    | Launching shard 0 (1 out of 1)...
2022-08-21 13:50:08 | [INFO]    | Shard 0 : Connected to wss://gateway.discord.gg
2022-08-21 13:50:08 | [INFO]    | Shard 0 : Received HELLO
2022-08-21 13:50:08 | [INFO]    | Shard 0 : Received READY
2022-08-21 13:50:27 | [INFO]    | Discordia 2.9.2
2022-08-21 13:50:27 | [INFO]    | Connecting to Discord...
2022-08-21 13:50:27 | [INFO]    | Authenticated as altacc#9830
2022-08-21 13:50:27 | [INFO]    | Launching shard 0 (1 out of 1)...
2022-08-21 13:50:27 | [INFO]    | Shard 0 : Connected to wss://gateway.discord.gg
2022-08-21 13:50:27 | [INFO]    | Shard 0 : Received HELLO
2022-08-21 13:50:27 | [INFO]    | Shard 0 : Received READY
2022-08-21 13:51:17 | [INFO]    | Discordia 2.9.2
2022-08-21 13:51:17 | [INFO]    | Connecting to Discord...
2022-08-21 13:51:18 | [INFO]    | Authenticated as altacc#9830
2022-08-21 13:51:18 | [INFO]    | Launching shard 0 (1 out of 1)...
2022-08-21 13:51:18 | [INFO]    | Shard 0 : Connected to wss://gateway.discord.gg
2022-08-21 13:51:18 | [INFO]    | Shard 0 : Received HELLO
2022-08-21 13:51:18 | [INFO]    | Shard 0 : Received READY
2022-08-21 13:52:34 | [INFO]    | Discordia 2.9.2
2022-08-21 13:52:34 | [INFO]    | Connecting to Discord...
2022-08-21 13:52:34 | [INFO]    | Authenticated as altacc#9830
2022-08-21 13:52:34 | [INFO]    | Launching shard 0 (1 out of 1)...
2022-08-21 13:52:34 | [INFO]    | Shard 0 : Connected to wss://gateway.discord.gg
2022-08-21 13:52:34 | [INFO]    | Shard 0 : Received HELLO
2022-08-21 13:52:34 | [INFO]    | Shard 0 : Received READY
2022-08-21 13:52:55 | [INFO]    | Discordia 2.9.2
2022-08-21 13:52:55 | [INFO]    | Connecting to Discord...
2022-08-21 13:52:56 | [INFO]    | Authenticated as altacc#9830
2022-08-21 13:52:56 | [INFO]    | Launching shard 0 (1 out of 1)...
2022-08-21 13:52:56 | [INFO]    | Shard 0 : Connected to wss://gateway.discord.gg
2022-08-21 13:52:56 | [INFO]    | Shard 0 : Received HELLO
2022-08-21 13:52:56 | [INFO]    | Shard 0 : Received READY
2022-08-21 13:54:28 | [INFO]    | Discordia 2.9.2
2022-08-21 13:54:28 | [INFO]    | Connecting to Discord...
2022-08-21 13:54:28 | [INFO]    | Authenticated as altacc#9830
2022-08-21 13:54:28 | [INFO]    | Launching shard 0 (1 out of 1)...
2022-08-21 13:54:28 | [INFO]    | Shard 0 : Connected to wss://gateway.discord.gg
2022-08-21 13:54:28 | [INFO]    | Shard 0 : Received HELLO
2022-08-21 13:54:28 | [INFO]    | Shard 0 : Received READY
2022-08-21 13:57:30 | [INFO]    | Discordia 2.9.2
2022-08-21 13:57:30 | [INFO]    | Connecting to Discord...
2022-08-21 13:57:31 | [INFO]    | Authenticated as altacc#9830
2022-08-21 13:57:31 | [INFO]    | Launching shard 0 (1 out of 1)...
2022-08-21 13:57:31 | [INFO]    | Shard 0 : Connected to wss://gateway.discord.gg
2022-08-21 13:57:31 | [INFO]    | Shard 0 : Received HELLO
2022-08-21 13:57:31 | [INFO]    | Shard 0 : Received READY
2022-08-21 13:58:22 | [INFO]    | Discordia 2.9.2
2022-08-21 13:58:22 | [INFO]    | Connecting to Discord...
2022-08-21 13:58:22 | [INFO]    | Authenticated as altacc#9830
2022-08-21 13:58:22 | [INFO]    | Launching shard 0 (1 out of 1)...
2022-08-21 13:58:22 | [INFO]    | Shard 0 : Connected to wss://gateway.discord.gg
2022-08-21 13:58:22 | [INFO]    | Shard 0 : Received HELLO
2022-08-21 13:58:23 | [INFO]    | Shard 0 : Received READY
2022-08-21 13:58:25 | [ERROR]   | 400 - Bad Request : POST https://discord.com/api/v7/channels/1005881381534052442/messages
2022-08-21 13:58:40 | [INFO]    | Discordia 2.9.2
2022-08-21 13:58:40 | [INFO]    | Connecting to Discord...
2022-08-21 13:58:40 | [INFO]    | Authenticated as altacc#9830
2022-08-21 13:58:40 | [INFO]    | Launching shard 0 (1 out of 1)...
2022-08-21 13:58:40 | [INFO]    | Shard 0 : Connected to wss://gateway.discord.gg
2022-08-21 13:58:40 | [INFO]    | Shard 0 : Received HELLO
2022-08-21 13:58:40 | [INFO]    | Shard 0 : Received READY
2022-08-21 13:58:43 | [ERROR]   | 400 - Bad Request : POST https://discord.com/api/v7/channels/1005881381534052442/messages
2022-08-21 13:58:55 | [INFO]    | Discordia 2.9.2
2022-08-21 13:58:55 | [INFO]    | Connecting to Discord...
2022-08-21 13:58:56 | [INFO]    | Authenticated as altacc#9830
2022-08-21 13:58:56 | [INFO]    | Launching shard 0 (1 out of 1)...
2022-08-21 13:58:56 | [INFO]    | Shard 0 : Connected to wss://gateway.discord.gg
2022-08-21 13:58:56 | [INFO]    | Shard 0 : Received HELLO
2022-08-21 13:58:56 | [INFO]    | Shard 0 : Received READY
2022-08-21 13:58:59 | [ERROR]   | 400 - Bad Request : POST https://discord.com/api/v7/channels/1005881381534052442/messages
2022-08-21 14:00:27 | [INFO]    | Discordia 2.9.2
2022-08-21 14:00:27 | [INFO]    | Connecting to Discord...
2022-08-21 14:00:27 | [INFO]    | Authenticated as altacc#9830
2022-08-21 14:00:27 | [INFO]    | Launching shard 0 (1 out of 1)...
2022-08-21 14:00:27 | [INFO]    | Shard 0 : Connected to wss://gateway.discord.gg
2022-08-21 14:00:27 | [INFO]    | Shard 0 : Received HELLO
2022-08-21 14:00:27 | [INFO]    | Shard 0 : Received READY
2022-08-21 14:00:47 | [INFO]    | Discordia 2.9.2
2022-08-21 14:00:47 | [INFO]    | Connecting to Discord...
2022-08-21 14:00:47 | [INFO]    | Authenticated as altacc#9830
2022-08-21 14:00:47 | [INFO]    | Launching shard 0 (1 out of 1)...
2022-08-21 14:00:48 | [INFO]    | Shard 0 : Connected to wss://gateway.discord.gg
2022-08-21 14:00:48 | [INFO]    | Shard 0 : Received HELLO
2022-08-21 14:00:48 | [INFO]    | Shard 0 : Received READY
2022-08-21 14:01:52 | [INFO]    | Discordia 2.9.2
2022-08-21 14:01:52 | [INFO]    | Connecting to Discord...
2022-08-21 14:01:52 | [INFO]    | Authenticated as altacc#9830
2022-08-21 14:01:52 | [INFO]    | Launching shard 0 (1 out of 1)...
2022-08-21 14:01:52 | [INFO]    | Shard 0 : Connected to wss://gateway.discord.gg
2022-08-21 14:01:52 | [INFO]    | Shard 0 : Received HELLO
2022-08-21 14:01:53 | [INFO]    | Shard 0 : Received READY
2022-08-21 14:02:03 | [INFO]    | Discordia 2.9.2
2022-08-21 14:02:03 | [INFO]    | Connecting to Discord...
2022-08-21 14:02:03 | [INFO]    | Authenticated as altacc#9830
2022-08-21 14:02:03 | [INFO]    | Launching shard 0 (1 out of 1)...
2022-08-21 14:02:03 | [INFO]    | Shard 0 : Connected to wss://gateway.discord.gg
2022-08-21 14:02:03 | [INFO]    | Shard 0 : Received HELLO
2022-08-21 14:02:04 | [INFO]    | Shard 0 : Received READY
2022-08-21 14:02:06 | [ERROR]   | 400 - Bad Request : POST https://discord.com/api/v7/channels/1005881381534052442/messages
2022-08-21 14:02:10 | [ERROR]   | 400 - Bad Request : POST https://discord.com/api/v7/channels/1005881381534052442/messages
2022-08-21 14:02:38 | [INFO]    | Discordia 2.9.2
2022-08-21 14:02:38 | [INFO]    | Connecting to Discord...
2022-08-21 14:02:38 | [INFO]    | Authenticated as altacc#9830
2022-08-21 14:02:38 | [INFO]    | Launching shard 0 (1 out of 1)...
2022-08-21 14:02:38 | [INFO]    | Shard 0 : Connected to wss://gateway.discord.gg
2022-08-21 14:02:38 | [INFO]    | Shard 0 : Received HELLO
2022-08-21 14:02:39 | [INFO]    | Shard 0 : Received READY
2022-08-21 14:02:48 | [INFO]    | Discordia 2.9.2
2022-08-21 14:02:48 | [INFO]    | Connecting to Discord...
2022-08-21 14:02:48 | [INFO]    | Authenticated as altacc#9830
2022-08-21 14:02:48 | [INFO]    | Launching shard 0 (1 out of 1)...
2022-08-21 14:02:48 | [INFO]    | Shard 0 : Connected to wss://gateway.discord.gg
2022-08-21 14:02:48 | [INFO]    | Shard 0 : Received HELLO
2022-08-21 14:02:48 | [INFO]    | Shard 0 : Received READY
2022-08-21 14:03:41 | [INFO]    | Discordia 2.9.2
2022-08-21 14:03:41 | [INFO]    | Connecting to Discord...
2022-08-21 14:03:41 | [INFO]    | Authenticated as altacc#9830
2022-08-21 14:03:41 | [INFO]    | Launching shard 0 (1 out of 1)...
2022-08-21 14:03:41 | [INFO]    | Shard 0 : Connected to wss://gateway.discord.gg
2022-08-21 14:03:41 | [INFO]    | Shard 0 : Received HELLO
2022-08-21 14:03:41 | [INFO]    | Shard 0 : Received READY
2022-08-21 14:04:33 | [INFO]    | Discordia 2.9.2
2022-08-21 14:04:33 | [INFO]    | Connecting to Discord...
2022-08-21 14:04:33 | [INFO]    | Authenticated as altacc#9830
2022-08-21 14:04:33 | [INFO]    | Launching shard 0 (1 out of 1)...
2022-08-21 14:04:33 | [INFO]    | Shard 0 : Connected to wss://gateway.discord.gg
2022-08-21 14:04:33 | [INFO]    | Shard 0 : Received HELLO
2022-08-21 14:04:33 | [INFO]    | Shard 0 : Received READY
2022-08-21 14:47:13 | [INFO]    | Discordia 2.9.2
2022-08-21 14:47:13 | [INFO]    | Connecting to Discord...
2022-08-21 14:47:14 | [INFO]    | Authenticated as altacc#9830
2022-08-21 14:47:14 | [INFO]    | Launching shard 0 (1 out of 1)...
2022-08-21 14:47:14 | [INFO]    | Shard 0 : Connected to wss://gateway.discord.gg
2022-08-21 14:47:14 | [INFO]    | Shard 0 : Received HELLO
2022-08-21 14:47:14 | [INFO]    | Shard 0 : Received READY
2022-08-21 14:49:03 | [INFO]    | Discordia 2.9.2
2022-08-21 14:49:03 | [INFO]    | Connecting to Discord...
2022-08-21 14:49:03 | [INFO]    | Authenticated as altacc#9830
2022-08-21 14:49:03 | [INFO]    | Launching shard 0 (1 out of 1)...
2022-08-21 14:49:03 | [INFO]    | Shard 0 : Connected to wss://gateway.discord.gg
2022-08-21 14:49:03 | [INFO]    | Shard 0 : Received HELLO
2022-08-21 14:49:03 | [INFO]    | Shard 0 : Received READY
2022-08-21 14:49:30 | [INFO]    | Discordia 2.9.2
2022-08-21 14:49:30 | [INFO]    | Connecting to Discord...
2022-08-21 14:49:30 | [INFO]    | Authenticated as altacc#9830
2022-08-21 14:49:30 | [INFO]    | Launching shard 0 (1 out of 1)...
2022-08-21 14:49:30 | [INFO]    | Shard 0 : Connected to wss://gateway.discord.gg
2022-08-21 14:49:30 | [INFO]    | Shard 0 : Received HELLO
2022-08-21 14:49:30 | [INFO]    | Shard 0 : Received READY
2022-08-21 14:50:15 | [INFO]    | Discordia 2.9.2
2022-08-21 14:50:15 | [INFO]    | Connecting to Discord...
2022-08-21 14:50:15 | [INFO]    | Authenticated as altacc#9830
2022-08-21 14:50:15 | [INFO]    | Launching shard 0 (1 out of 1)...
2022-08-21 14:50:15 | [INFO]    | Shard 0 : Connected to wss://gateway.discord.gg
2022-08-21 14:50:15 | [INFO]    | Shard 0 : Received HELLO
2022-08-21 14:50:15 | [INFO]    | Shard 0 : Received READY
2022-08-21 14:50:43 | [INFO]    | Discordia 2.9.2
2022-08-21 14:50:43 | [INFO]    | Connecting to Discord...
2022-08-21 14:50:44 | [INFO]    | Authenticated as altacc#9830
2022-08-21 14:50:44 | [INFO]    | Launching shard 0 (1 out of 1)...
2022-08-21 14:50:44 | [INFO]    | Shard 0 : Connected to wss://gateway.discord.gg
2022-08-21 14:50:44 | [INFO]    | Shard 0 : Received HELLO
2022-08-21 14:50:44 | [INFO]    | Shard 0 : Received READY
2022-08-21 15:28:09 | [INFO]    | Shard 0 : Discord has requested a reconnection
2022-08-21 15:28:09 | [INFO]    | Shard 0 : Disconnected
2022-08-21 15:28:09 | [INFO]    | Shard 0 : Reconnecting...
2022-08-21 15:28:09 | [INFO]    | Shard 0 : Connected to wss://gateway.discord.gg
2022-08-21 15:28:09 | [INFO]    | Shard 0 : Received HELLO
2022-08-21 15:28:09 | [INFO]    | Shard 0 : Received RESUMED
